#
# There is insufficient memory for the Java Runtime Environment to continue.
# Native memory allocation (malloc) failed to allocate 1895536 bytes for Chunk::new
# Possible reasons:
#   The system is out of physical RAM or swap space
#   The process is running with CompressedOops enabled, and the Java Heap may be blocking the growth of the native heap
# Possible solutions:
#   Reduce memory load on the system
#   Increase physical memory or swap space
#   Check if swap backing store is full
#   Decrease Java heap size (-Xmx/-Xms)
#   Decrease number of Java threads
#   Decrease Java thread stack sizes (-Xss)
#   Set larger code cache with -XX:ReservedCodeCacheSize=
#   JVM is running with Unscaled Compressed Oops mode in which the Java heap is
#     placed in the first 4GB address space. The Java Heap base address is the
#     maximum limit for the native heap growth. Please use -XX:HeapBaseMinAddress
#     to set the Java Heap base and to place the Java Heap above 4GB virtual address.
# This output file may be truncated or incomplete.
#
#  Out of Memory Error (arena.cpp:189), pid=20148, tid=9060
#
# JRE version: Java(TM) SE Runtime Environment (17.0.12+8) (build 17.0.12+8-LTS-286)
# Java VM: Java HotSpot(TM) 64-Bit Server VM (17.0.12+8-LTS-286, mixed mode, sharing, tiered, compressed oops, compressed class ptrs, g1 gc, windows-amd64)
# No core dump will be written. Minidumps are not enabled by default on client versions of Windows
#

---------------  S U M M A R Y ------------

Command Line: --add-opens=java.base/java.util=ALL-UNNAMED --add-opens=java.base/java.lang=ALL-UNNAMED --add-opens=java.base/java.lang.invoke=ALL-UNNAMED --add-opens=java.base/java.util=ALL-UNNAMED --add-opens=java.prefs/java.util.prefs=ALL-UNNAMED --add-opens=java.prefs/java.util.prefs=ALL-UNNAMED --add-opens=java.base/java.nio.charset=ALL-UNNAMED --add-opens=java.base/java.net=ALL-UNNAMED --add-opens=java.base/java.util.concurrent.atomic=ALL-UNNAMED -Xmx1536M -Dfile.encoding=UTF-8 -Duser.country=US -Duser.language=en -Duser.variant org.gradle.launcher.daemon.bootstrap.GradleDaemon 7.5

Host: 11th Gen Intel(R) Core(TM) i7-11800H @ 2.30GHz, 16 cores, 15G,  Windows 11 , 64 bit Build 26100 (10.0.26100.2454)
Time: Thu Dec 19 15:26:42 2024 SE Asia Standard Time elapsed time: 1.821340 seconds (0d 0h 0m 1s)

---------------  T H R E A D  ---------------

Current thread (0x00000198cb9678a0):  JavaThread "C2 CompilerThread1" daemon [_thread_in_native, id=9060, stack(0x0000002e7a900000,0x0000002e7aa00000)]


Current CompileTask:
C2:   1821 2227   !   4       java.lang.ClassLoader::loadClass (121 bytes)

Stack: [0x0000002e7a900000,0x0000002e7aa00000]
Native frames: (J=compiled Java code, j=interpreted, Vv=VM code, C=native code)
V  [jvm.dll+0x67a04a]
V  [jvm.dll+0x7da4ed]
V  [jvm.dll+0x7dbe33]
V  [jvm.dll+0x7dc4a3]
V  [jvm.dll+0x24508f]
V  [jvm.dll+0xab773]
V  [jvm.dll+0xabd3c]
V  [jvm.dll+0x361bee]
V  [jvm.dll+0x1ba45a]
V  [jvm.dll+0x216997]
V  [jvm.dll+0x215c6f]
V  [jvm.dll+0x1a2960]
V  [jvm.dll+0x22610b]
V  [jvm.dll+0x2242ab]
V  [jvm.dll+0x79075c]
V  [jvm.dll+0x78abea]
V  [jvm.dll+0x678f35]
C  [ucrtbase.dll+0x14ea0]
C  [KERNEL32.DLL+0x2e8d7]
C  [ntdll.dll+0xdfbcc]


---------------  P R O C E S S  ---------------

Threads class SMR info:
_java_thread_list=0x0000019912f36bc0, length=31, elements={
0x00000198ade0df20, 0x00000198cb8141e0, 0x00000198cb814cb0, 0x00000198cb8273c0,
0x00000198cb82acb0, 0x00000198cb82d590, 0x00000198cb82de60, 0x00000198cb94ade0,
0x00000198cb964e20, 0x00000198cb96a350, 0x00000198cb965370, 0x00000198cb9648d0,
0x00000198cbac8580, 0x00000198cbac8e70, 0x00000198cb9678a0, 0x00000198cb967350,
0x00000198cb9658c0, 0x00000198cb966e00, 0x0000019913399330, 0x000001991339bbb0,
0x000001991339b6a0, 0x0000019913398910, 0x000001991339a770, 0x000001991339c0c0,
0x0000019913398e20, 0x000001991339b190, 0x0000019913399840, 0x0000019913399d50,
0x000001991339ac80, 0x0000019912f49f40, 0x0000019912f485f0
}

Java Threads: ( => current thread )
  0x00000198ade0df20 JavaThread "main" [_thread_blocked, id=1884, stack(0x0000002e79400000,0x0000002e79500000)]
  0x00000198cb8141e0 JavaThread "Reference Handler" daemon [_thread_blocked, id=19520, stack(0x0000002e79b00000,0x0000002e79c00000)]
  0x00000198cb814cb0 JavaThread "Finalizer" daemon [_thread_blocked, id=19256, stack(0x0000002e79c00000,0x0000002e79d00000)]
  0x00000198cb8273c0 JavaThread "Signal Dispatcher" daemon [_thread_blocked, id=7328, stack(0x0000002e79d00000,0x0000002e79e00000)]
  0x00000198cb82acb0 JavaThread "Attach Listener" daemon [_thread_blocked, id=20492, stack(0x0000002e79e00000,0x0000002e79f00000)]
  0x00000198cb82d590 JavaThread "Service Thread" daemon [_thread_blocked, id=10032, stack(0x0000002e79f00000,0x0000002e7a000000)]
  0x00000198cb82de60 JavaThread "Monitor Deflation Thread" daemon [_thread_blocked, id=19972, stack(0x0000002e7a000000,0x0000002e7a100000)]
  0x00000198cb94ade0 JavaThread "C2 CompilerThread0" daemon [_thread_in_native, id=20472, stack(0x0000002e7a100000,0x0000002e7a200000)]
  0x00000198cb964e20 JavaThread "C1 CompilerThread0" daemon [_thread_blocked, id=16604, stack(0x0000002e7a200000,0x0000002e7a300000)]
  0x00000198cb96a350 JavaThread "Sweeper thread" daemon [_thread_blocked, id=6604, stack(0x0000002e7a300000,0x0000002e7a400000)]
  0x00000198cb965370 JavaThread "C1 CompilerThread1" daemon [_thread_blocked, id=9016, stack(0x0000002e7a400000,0x0000002e7a500000)]
  0x00000198cb9648d0 JavaThread "C1 CompilerThread2" daemon [_thread_blocked, id=15192, stack(0x0000002e7a500000,0x0000002e7a600000)]
  0x00000198cbac8580 JavaThread "Common-Cleaner" daemon [_thread_blocked, id=15368, stack(0x0000002e7a600000,0x0000002e7a700000)]
  0x00000198cbac8e70 JavaThread "Notification Thread" daemon [_thread_blocked, id=18736, stack(0x0000002e7a700000,0x0000002e7a800000)]
=>0x00000198cb9678a0 JavaThread "C2 CompilerThread1" daemon [_thread_in_native, id=9060, stack(0x0000002e7a900000,0x0000002e7aa00000)]
  0x00000198cb967350 JavaThread "C2 CompilerThread2" daemon [_thread_in_native, id=2072, stack(0x0000002e7aa00000,0x0000002e7ab00000)]
  0x00000198cb9658c0 JavaThread "C2 CompilerThread3" daemon [_thread_in_native, id=8532, stack(0x0000002e7ab00000,0x0000002e7ac00000)]
  0x00000198cb966e00 JavaThread "C1 CompilerThread3" daemon [_thread_blocked, id=17952, stack(0x0000002e7b200000,0x0000002e7b300000)]
  0x0000019913399330 JavaThread "Daemon health stats" [_thread_blocked, id=19348, stack(0x0000002e7b300000,0x0000002e7b400000)]
  0x000001991339bbb0 JavaThread "Incoming local TCP Connector on port 56442" [_thread_in_native, id=18724, stack(0x0000002e7b400000,0x0000002e7b500000)]
  0x000001991339b6a0 JavaThread "Daemon periodic checks" [_thread_blocked, id=16120, stack(0x0000002e7b500000,0x0000002e7b600000)]
  0x0000019913398910 JavaThread "Daemon" [_thread_blocked, id=12352, stack(0x0000002e7ac00000,0x0000002e7ad00000)]
  0x000001991339a770 JavaThread "Handler for socket connection from /127.0.0.1:56442 to /127.0.0.1:56443" [_thread_in_native, id=18464, stack(0x0000002e7b600000,0x0000002e7b700000)]
  0x000001991339c0c0 JavaThread "Cancel handler" [_thread_blocked, id=19416, stack(0x0000002e7b700000,0x0000002e7b800000)]
  0x0000019913398e20 JavaThread "Daemon worker" [_thread_in_vm, id=18900, stack(0x0000002e7b800000,0x0000002e7b900000)]
  0x000001991339b190 JavaThread "Asynchronous log dispatcher for DefaultDaemonConnection: socket connection from /127.0.0.1:56442 to /127.0.0.1:56443" [_thread_blocked, id=18272, stack(0x0000002e7b900000,0x0000002e7ba00000)]
  0x0000019913399840 JavaThread "Stdin handler" [_thread_blocked, id=20196, stack(0x0000002e7ba00000,0x0000002e7bb00000)]
  0x0000019913399d50 JavaThread "Daemon client event forwarder" [_thread_blocked, id=19748, stack(0x0000002e7bb00000,0x0000002e7bc00000)]
  0x000001991339ac80 JavaThread "Cache worker for journal cache (C:\Users\suryo\.gradle\caches\journal-1)" [_thread_blocked, id=21324, stack(0x0000002e7bc00000,0x0000002e7bd00000)]
  0x0000019912f49f40 JavaThread "File lock request listener" [_thread_in_native, id=2496, stack(0x0000002e7bd00000,0x0000002e7be00000)]
  0x0000019912f485f0 JavaThread "Cache worker for file hash cache (C:\Users\suryo\.gradle\caches\7.5\fileHashes)" [_thread_blocked, id=2148, stack(0x0000002e7be00000,0x0000002e7bf00000)]

Other Threads:
  0x00000198cb812ba0 VMThread "VM Thread" [stack: 0x0000002e79a00000,0x0000002e79b00000] [id=17056]
  0x00000198ade81650 WatcherThread [stack: 0x0000002e7a800000,0x0000002e7a900000] [id=10232]
  0x00000198ade5d760 GCTaskThread "GC Thread#0" [stack: 0x0000002e79500000,0x0000002e79600000] [id=10288]
  0x00000199126cf980 GCTaskThread "GC Thread#1" [stack: 0x0000002e7ad00000,0x0000002e7ae00000] [id=10464]
  0x00000199126cfc40 GCTaskThread "GC Thread#2" [stack: 0x0000002e7ae00000,0x0000002e7af00000] [id=18748]
  0x000001991268d2f0 GCTaskThread "GC Thread#3" [stack: 0x0000002e7af00000,0x0000002e7b000000] [id=1452]
  0x000001991268d5b0 GCTaskThread "GC Thread#4" [stack: 0x0000002e7b000000,0x0000002e7b100000] [id=11424]
  0x00000199114a4a40 GCTaskThread "GC Thread#5" [stack: 0x0000002e7b100000,0x0000002e7b200000] [id=15860]
  0x00000198ade6b290 ConcurrentGCThread "G1 Main Marker" [stack: 0x0000002e79600000,0x0000002e79700000] [id=1716]
  0x00000198ade6da70 ConcurrentGCThread "G1 Conc#0" [stack: 0x0000002e79700000,0x0000002e79800000] [id=19892]
  0x00000198cb6ce1e0 ConcurrentGCThread "G1 Refine#0" [stack: 0x0000002e79800000,0x0000002e79900000] [id=13792]
  0x00000198cb6ce8c0 ConcurrentGCThread "G1 Service" [stack: 0x0000002e79900000,0x0000002e79a00000] [id=17732]

Threads with active compile tasks:
C2 CompilerThread1     1841 2227   !   4       java.lang.ClassLoader::loadClass (121 bytes)
C2 CompilerThread2     1841 2270   !   4       java.net.URLClassLoader::findClass (47 bytes)
C2 CompilerThread3     1841 2288       4       jdk.internal.org.objectweb.asm.Frame::execute (2305 bytes)

VM state: not at safepoint (normal execution)

VM Mutex/Monitor currently owned by a thread: None

Heap address: 0x00000000a0000000, size: 1536 MB, Compressed Oops mode: 32-bit

CDS archive(s) mapped at: [0x00000198cc000000-0x00000198ccbd0000-0x00000198ccbd0000), size 12386304, SharedBaseAddress: 0x00000198cc000000, ArchiveRelocationMode: 1.
Compressed class space mapped at: 0x00000198cd000000-0x000001990d000000, reserved size: 1073741824
Narrow klass base: 0x00000198cc000000, Narrow klass shift: 0, Narrow klass range: 0x100000000

GC Precious Log:
 CPUs: 16 total, 16 available
 Memory: 16163M
 Large Page Support: Disabled
 NUMA Support: Disabled
 Compressed Oops: Enabled (32-bit)
 Heap Region Size: 1M
 Heap Min Capacity: 8M
 Heap Initial Capacity: 254M
 Heap Max Capacity: 1536M
 Pre-touch: Disabled
 Parallel Workers: 13
 Concurrent Workers: 3
 Concurrent Refinement Workers: 13
 Periodic GC: Disabled

Heap:
 garbage-first heap   total 260096K, used 72232K [0x00000000a0000000, 0x0000000100000000)
  region size 1024K, 63 young (64512K), 4 survivors (4096K)
 Metaspace       used 15032K, committed 15360K, reserved 1114112K
  class space    used 2162K, committed 2304K, reserved 1048576K

Heap Regions: E=young(eden), S=young(survivor), O=old, HS=humongous(starts), HC=humongous(continues), CS=collection set, F=free, OA=open archive, CA=closed archive, TAMS=top-at-mark-start (previous, next)
|   0|0x00000000a0000000, 0x00000000a0000000, 0x00000000a0100000|  0%| F|  |TAMS 0x00000000a0000000, 0x00000000a0000000| Untracked 
|   1|0x00000000a0100000, 0x00000000a0200000, 0x00000000a0200000|100%| O|  |TAMS 0x00000000a0100000, 0x00000000a0100000| Untracked 
|   2|0x00000000a0200000, 0x00000000a0300000, 0x00000000a0300000|100%| O|  |TAMS 0x00000000a0200000, 0x00000000a0200000| Untracked 
|   3|0x00000000a0300000, 0x00000000a0400000, 0x00000000a0400000|100%|HS|  |TAMS 0x00000000a0300000, 0x00000000a0300000| Complete 
|   4|0x00000000a0400000, 0x00000000a0500000, 0x00000000a0500000|100%|HC|  |TAMS 0x00000000a0400000, 0x00000000a0400000| Complete 
|   5|0x00000000a0500000, 0x00000000a0600000, 0x00000000a0600000|100%|HC|  |TAMS 0x00000000a0500000, 0x00000000a0500000| Complete 
|   6|0x00000000a0600000, 0x00000000a0700000, 0x00000000a0700000|100%| O|  |TAMS 0x00000000a0600000, 0x00000000a0600000| Untracked 
|   7|0x00000000a0700000, 0x00000000a0800000, 0x00000000a0800000|100%| O|  |TAMS 0x00000000a0700000, 0x00000000a0700000| Untracked 
|   8|0x00000000a0800000, 0x00000000a0900000, 0x00000000a0900000|100%| O|  |TAMS 0x00000000a0800000, 0x00000000a0800000| Untracked 
|   9|0x00000000a0900000, 0x00000000a0a00000, 0x00000000a0a00000|100%| O|  |TAMS 0x00000000a0900000, 0x00000000a0900000| Untracked 
|  10|0x00000000a0a00000, 0x00000000a0a41400, 0x00000000a0b00000| 25%| O|  |TAMS 0x00000000a0a00000, 0x00000000a0a00000| Untracked 
|  11|0x00000000a0b00000, 0x00000000a0b00000, 0x00000000a0c00000|  0%| F|  |TAMS 0x00000000a0b00000, 0x00000000a0b00000| Untracked 
|  12|0x00000000a0c00000, 0x00000000a0c00000, 0x00000000a0d00000|  0%| F|  |TAMS 0x00000000a0c00000, 0x00000000a0c00000| Untracked 
|  13|0x00000000a0d00000, 0x00000000a0d00000, 0x00000000a0e00000|  0%| F|  |TAMS 0x00000000a0d00000, 0x00000000a0d00000| Untracked 
|  14|0x00000000a0e00000, 0x00000000a0e00000, 0x00000000a0f00000|  0%| F|  |TAMS 0x00000000a0e00000, 0x00000000a0e00000| Untracked 
|  15|0x00000000a0f00000, 0x00000000a0f00000, 0x00000000a1000000|  0%| F|  |TAMS 0x00000000a0f00000, 0x00000000a0f00000| Untracked 
|  16|0x00000000a1000000, 0x00000000a1000000, 0x00000000a1100000|  0%| F|  |TAMS 0x00000000a1000000, 0x00000000a1000000| Untracked 
|  17|0x00000000a1100000, 0x00000000a1100000, 0x00000000a1200000|  0%| F|  |TAMS 0x00000000a1100000, 0x00000000a1100000| Untracked 
|  18|0x00000000a1200000, 0x00000000a1200000, 0x00000000a1300000|  0%| F|  |TAMS 0x00000000a1200000, 0x00000000a1200000| Untracked 
|  19|0x00000000a1300000, 0x00000000a1300000, 0x00000000a1400000|  0%| F|  |TAMS 0x00000000a1300000, 0x00000000a1300000| Untracked 
|  20|0x00000000a1400000, 0x00000000a1400000, 0x00000000a1500000|  0%| F|  |TAMS 0x00000000a1400000, 0x00000000a1400000| Untracked 
|  21|0x00000000a1500000, 0x00000000a1500000, 0x00000000a1600000|  0%| F|  |TAMS 0x00000000a1500000, 0x00000000a1500000| Untracked 
|  22|0x00000000a1600000, 0x00000000a1600000, 0x00000000a1700000|  0%| F|  |TAMS 0x00000000a1600000, 0x00000000a1600000| Untracked 
|  23|0x00000000a1700000, 0x00000000a1700000, 0x00000000a1800000|  0%| F|  |TAMS 0x00000000a1700000, 0x00000000a1700000| Untracked 
|  24|0x00000000a1800000, 0x00000000a1800000, 0x00000000a1900000|  0%| F|  |TAMS 0x00000000a1800000, 0x00000000a1800000| Untracked 
|  25|0x00000000a1900000, 0x00000000a1900000, 0x00000000a1a00000|  0%| F|  |TAMS 0x00000000a1900000, 0x00000000a1900000| Untracked 
|  26|0x00000000a1a00000, 0x00000000a1a00000, 0x00000000a1b00000|  0%| F|  |TAMS 0x00000000a1a00000, 0x00000000a1a00000| Untracked 
|  27|0x00000000a1b00000, 0x00000000a1b00000, 0x00000000a1c00000|  0%| F|  |TAMS 0x00000000a1b00000, 0x00000000a1b00000| Untracked 
|  28|0x00000000a1c00000, 0x00000000a1c00000, 0x00000000a1d00000|  0%| F|  |TAMS 0x00000000a1c00000, 0x00000000a1c00000| Untracked 
|  29|0x00000000a1d00000, 0x00000000a1d00000, 0x00000000a1e00000|  0%| F|  |TAMS 0x00000000a1d00000, 0x00000000a1d00000| Untracked 
|  30|0x00000000a1e00000, 0x00000000a1e00000, 0x00000000a1f00000|  0%| F|  |TAMS 0x00000000a1e00000, 0x00000000a1e00000| Untracked 
|  31|0x00000000a1f00000, 0x00000000a1f00000, 0x00000000a2000000|  0%| F|  |TAMS 0x00000000a1f00000, 0x00000000a1f00000| Untracked 
|  32|0x00000000a2000000, 0x00000000a2000000, 0x00000000a2100000|  0%| F|  |TAMS 0x00000000a2000000, 0x00000000a2000000| Untracked 
|  33|0x00000000a2100000, 0x00000000a2100000, 0x00000000a2200000|  0%| F|  |TAMS 0x00000000a2100000, 0x00000000a2100000| Untracked 
|  34|0x00000000a2200000, 0x00000000a2200000, 0x00000000a2300000|  0%| F|  |TAMS 0x00000000a2200000, 0x00000000a2200000| Untracked 
|  35|0x00000000a2300000, 0x00000000a2300000, 0x00000000a2400000|  0%| F|  |TAMS 0x00000000a2300000, 0x00000000a2300000| Untracked 
|  36|0x00000000a2400000, 0x00000000a2400000, 0x00000000a2500000|  0%| F|  |TAMS 0x00000000a2400000, 0x00000000a2400000| Untracked 
|  37|0x00000000a2500000, 0x00000000a2500000, 0x00000000a2600000|  0%| F|  |TAMS 0x00000000a2500000, 0x00000000a2500000| Untracked 
|  38|0x00000000a2600000, 0x00000000a2600000, 0x00000000a2700000|  0%| F|  |TAMS 0x00000000a2600000, 0x00000000a2600000| Untracked 
|  39|0x00000000a2700000, 0x00000000a2700000, 0x00000000a2800000|  0%| F|  |TAMS 0x00000000a2700000, 0x00000000a2700000| Untracked 
|  40|0x00000000a2800000, 0x00000000a2800000, 0x00000000a2900000|  0%| F|  |TAMS 0x00000000a2800000, 0x00000000a2800000| Untracked 
|  41|0x00000000a2900000, 0x00000000a2900000, 0x00000000a2a00000|  0%| F|  |TAMS 0x00000000a2900000, 0x00000000a2900000| Untracked 
|  42|0x00000000a2a00000, 0x00000000a2a00000, 0x00000000a2b00000|  0%| F|  |TAMS 0x00000000a2a00000, 0x00000000a2a00000| Untracked 
|  43|0x00000000a2b00000, 0x00000000a2b00000, 0x00000000a2c00000|  0%| F|  |TAMS 0x00000000a2b00000, 0x00000000a2b00000| Untracked 
|  44|0x00000000a2c00000, 0x00000000a2c00000, 0x00000000a2d00000|  0%| F|  |TAMS 0x00000000a2c00000, 0x00000000a2c00000| Untracked 
|  45|0x00000000a2d00000, 0x00000000a2d00000, 0x00000000a2e00000|  0%| F|  |TAMS 0x00000000a2d00000, 0x00000000a2d00000| Untracked 
|  46|0x00000000a2e00000, 0x00000000a2e00000, 0x00000000a2f00000|  0%| F|  |TAMS 0x00000000a2e00000, 0x00000000a2e00000| Untracked 
|  47|0x00000000a2f00000, 0x00000000a2f00000, 0x00000000a3000000|  0%| F|  |TAMS 0x00000000a2f00000, 0x00000000a2f00000| Untracked 
|  48|0x00000000a3000000, 0x00000000a3000000, 0x00000000a3100000|  0%| F|  |TAMS 0x00000000a3000000, 0x00000000a3000000| Untracked 
|  49|0x00000000a3100000, 0x00000000a3100000, 0x00000000a3200000|  0%| F|  |TAMS 0x00000000a3100000, 0x00000000a3100000| Untracked 
|  50|0x00000000a3200000, 0x00000000a3200000, 0x00000000a3300000|  0%| F|  |TAMS 0x00000000a3200000, 0x00000000a3200000| Untracked 
|  51|0x00000000a3300000, 0x00000000a3300000, 0x00000000a3400000|  0%| F|  |TAMS 0x00000000a3300000, 0x00000000a3300000| Untracked 
|  52|0x00000000a3400000, 0x00000000a3400000, 0x00000000a3500000|  0%| F|  |TAMS 0x00000000a3400000, 0x00000000a3400000| Untracked 
|  53|0x00000000a3500000, 0x00000000a3500000, 0x00000000a3600000|  0%| F|  |TAMS 0x00000000a3500000, 0x00000000a3500000| Untracked 
|  54|0x00000000a3600000, 0x00000000a3600000, 0x00000000a3700000|  0%| F|  |TAMS 0x00000000a3600000, 0x00000000a3600000| Untracked 
|  55|0x00000000a3700000, 0x00000000a3700000, 0x00000000a3800000|  0%| F|  |TAMS 0x00000000a3700000, 0x00000000a3700000| Untracked 
|  56|0x00000000a3800000, 0x00000000a3800000, 0x00000000a3900000|  0%| F|  |TAMS 0x00000000a3800000, 0x00000000a3800000| Untracked 
|  57|0x00000000a3900000, 0x00000000a3900000, 0x00000000a3a00000|  0%| F|  |TAMS 0x00000000a3900000, 0x00000000a3900000| Untracked 
|  58|0x00000000a3a00000, 0x00000000a3a00000, 0x00000000a3b00000|  0%| F|  |TAMS 0x00000000a3a00000, 0x00000000a3a00000| Untracked 
|  59|0x00000000a3b00000, 0x00000000a3b00000, 0x00000000a3c00000|  0%| F|  |TAMS 0x00000000a3b00000, 0x00000000a3b00000| Untracked 
|  60|0x00000000a3c00000, 0x00000000a3c00000, 0x00000000a3d00000|  0%| F|  |TAMS 0x00000000a3c00000, 0x00000000a3c00000| Untracked 
|  61|0x00000000a3d00000, 0x00000000a3d00000, 0x00000000a3e00000|  0%| F|  |TAMS 0x00000000a3d00000, 0x00000000a3d00000| Untracked 
|  62|0x00000000a3e00000, 0x00000000a3e00000, 0x00000000a3f00000|  0%| F|  |TAMS 0x00000000a3e00000, 0x00000000a3e00000| Untracked 
|  63|0x00000000a3f00000, 0x00000000a3f00000, 0x00000000a4000000|  0%| F|  |TAMS 0x00000000a3f00000, 0x00000000a3f00000| Untracked 
|  64|0x00000000a4000000, 0x00000000a4000000, 0x00000000a4100000|  0%| F|  |TAMS 0x00000000a4000000, 0x00000000a4000000| Untracked 
|  65|0x00000000a4100000, 0x00000000a4100000, 0x00000000a4200000|  0%| F|  |TAMS 0x00000000a4100000, 0x00000000a4100000| Untracked 
|  66|0x00000000a4200000, 0x00000000a4200000, 0x00000000a4300000|  0%| F|  |TAMS 0x00000000a4200000, 0x00000000a4200000| Untracked 
|  67|0x00000000a4300000, 0x00000000a4300000, 0x00000000a4400000|  0%| F|  |TAMS 0x00000000a4300000, 0x00000000a4300000| Untracked 
|  68|0x00000000a4400000, 0x00000000a4400000, 0x00000000a4500000|  0%| F|  |TAMS 0x00000000a4400000, 0x00000000a4400000| Untracked 
|  69|0x00000000a4500000, 0x00000000a4500000, 0x00000000a4600000|  0%| F|  |TAMS 0x00000000a4500000, 0x00000000a4500000| Untracked 
|  70|0x00000000a4600000, 0x00000000a4600000, 0x00000000a4700000|  0%| F|  |TAMS 0x00000000a4600000, 0x00000000a4600000| Untracked 
|  71|0x00000000a4700000, 0x00000000a4700000, 0x00000000a4800000|  0%| F|  |TAMS 0x00000000a4700000, 0x00000000a4700000| Untracked 
|  72|0x00000000a4800000, 0x00000000a4800000, 0x00000000a4900000|  0%| F|  |TAMS 0x00000000a4800000, 0x00000000a4800000| Untracked 
|  73|0x00000000a4900000, 0x00000000a4900000, 0x00000000a4a00000|  0%| F|  |TAMS 0x00000000a4900000, 0x00000000a4900000| Untracked 
|  74|0x00000000a4a00000, 0x00000000a4a00000, 0x00000000a4b00000|  0%| F|  |TAMS 0x00000000a4a00000, 0x00000000a4a00000| Untracked 
|  75|0x00000000a4b00000, 0x00000000a4b00000, 0x00000000a4c00000|  0%| F|  |TAMS 0x00000000a4b00000, 0x00000000a4b00000| Untracked 
|  76|0x00000000a4c00000, 0x00000000a4c00000, 0x00000000a4d00000|  0%| F|  |TAMS 0x00000000a4c00000, 0x00000000a4c00000| Untracked 
|  77|0x00000000a4d00000, 0x00000000a4d00000, 0x00000000a4e00000|  0%| F|  |TAMS 0x00000000a4d00000, 0x00000000a4d00000| Untracked 
|  78|0x00000000a4e00000, 0x00000000a4e00000, 0x00000000a4f00000|  0%| F|  |TAMS 0x00000000a4e00000, 0x00000000a4e00000| Untracked 
|  79|0x00000000a4f00000, 0x00000000a4f00000, 0x00000000a5000000|  0%| F|  |TAMS 0x00000000a4f00000, 0x00000000a4f00000| Untracked 
|  80|0x00000000a5000000, 0x00000000a5000000, 0x00000000a5100000|  0%| F|  |TAMS 0x00000000a5000000, 0x00000000a5000000| Untracked 
|  81|0x00000000a5100000, 0x00000000a5100000, 0x00000000a5200000|  0%| F|  |TAMS 0x00000000a5100000, 0x00000000a5100000| Untracked 
|  82|0x00000000a5200000, 0x00000000a5200000, 0x00000000a5300000|  0%| F|  |TAMS 0x00000000a5200000, 0x00000000a5200000| Untracked 
|  83|0x00000000a5300000, 0x00000000a5300000, 0x00000000a5400000|  0%| F|  |TAMS 0x00000000a5300000, 0x00000000a5300000| Untracked 
|  84|0x00000000a5400000, 0x00000000a5400000, 0x00000000a5500000|  0%| F|  |TAMS 0x00000000a5400000, 0x00000000a5400000| Untracked 
|  85|0x00000000a5500000, 0x00000000a5500000, 0x00000000a5600000|  0%| F|  |TAMS 0x00000000a5500000, 0x00000000a5500000| Untracked 
|  86|0x00000000a5600000, 0x00000000a5600000, 0x00000000a5700000|  0%| F|  |TAMS 0x00000000a5600000, 0x00000000a5600000| Untracked 
|  87|0x00000000a5700000, 0x00000000a5700000, 0x00000000a5800000|  0%| F|  |TAMS 0x00000000a5700000, 0x00000000a5700000| Untracked 
|  88|0x00000000a5800000, 0x00000000a5800000, 0x00000000a5900000|  0%| F|  |TAMS 0x00000000a5800000, 0x00000000a5800000| Untracked 
|  89|0x00000000a5900000, 0x00000000a5900000, 0x00000000a5a00000|  0%| F|  |TAMS 0x00000000a5900000, 0x00000000a5900000| Untracked 
|  90|0x00000000a5a00000, 0x00000000a5a00000, 0x00000000a5b00000|  0%| F|  |TAMS 0x00000000a5a00000, 0x00000000a5a00000| Untracked 
|  91|0x00000000a5b00000, 0x00000000a5b00000, 0x00000000a5c00000|  0%| F|  |TAMS 0x00000000a5b00000, 0x00000000a5b00000| Untracked 
|  92|0x00000000a5c00000, 0x00000000a5c00000, 0x00000000a5d00000|  0%| F|  |TAMS 0x00000000a5c00000, 0x00000000a5c00000| Untracked 
|  93|0x00000000a5d00000, 0x00000000a5d00000, 0x00000000a5e00000|  0%| F|  |TAMS 0x00000000a5d00000, 0x00000000a5d00000| Untracked 
|  94|0x00000000a5e00000, 0x00000000a5e00000, 0x00000000a5f00000|  0%| F|  |TAMS 0x00000000a5e00000, 0x00000000a5e00000| Untracked 
|  95|0x00000000a5f00000, 0x00000000a5f00000, 0x00000000a6000000|  0%| F|  |TAMS 0x00000000a5f00000, 0x00000000a5f00000| Untracked 
|  96|0x00000000a6000000, 0x00000000a6000000, 0x00000000a6100000|  0%| F|  |TAMS 0x00000000a6000000, 0x00000000a6000000| Untracked 
|  97|0x00000000a6100000, 0x00000000a6100000, 0x00000000a6200000|  0%| F|  |TAMS 0x00000000a6100000, 0x00000000a6100000| Untracked 
|  98|0x00000000a6200000, 0x00000000a6200000, 0x00000000a6300000|  0%| F|  |TAMS 0x00000000a6200000, 0x00000000a6200000| Untracked 
|  99|0x00000000a6300000, 0x00000000a6300000, 0x00000000a6400000|  0%| F|  |TAMS 0x00000000a6300000, 0x00000000a6300000| Untracked 
| 100|0x00000000a6400000, 0x00000000a6400000, 0x00000000a6500000|  0%| F|  |TAMS 0x00000000a6400000, 0x00000000a6400000| Untracked 
| 101|0x00000000a6500000, 0x00000000a6500000, 0x00000000a6600000|  0%| F|  |TAMS 0x00000000a6500000, 0x00000000a6500000| Untracked 
| 102|0x00000000a6600000, 0x00000000a6600000, 0x00000000a6700000|  0%| F|  |TAMS 0x00000000a6600000, 0x00000000a6600000| Untracked 
| 103|0x00000000a6700000, 0x00000000a6700000, 0x00000000a6800000|  0%| F|  |TAMS 0x00000000a6700000, 0x00000000a6700000| Untracked 
| 104|0x00000000a6800000, 0x00000000a6800000, 0x00000000a6900000|  0%| F|  |TAMS 0x00000000a6800000, 0x00000000a6800000| Untracked 
| 105|0x00000000a6900000, 0x00000000a6900000, 0x00000000a6a00000|  0%| F|  |TAMS 0x00000000a6900000, 0x00000000a6900000| Untracked 
| 106|0x00000000a6a00000, 0x00000000a6a00000, 0x00000000a6b00000|  0%| F|  |TAMS 0x00000000a6a00000, 0x00000000a6a00000| Untracked 
| 107|0x00000000a6b00000, 0x00000000a6b00000, 0x00000000a6c00000|  0%| F|  |TAMS 0x00000000a6b00000, 0x00000000a6b00000| Untracked 
| 108|0x00000000a6c00000, 0x00000000a6c00000, 0x00000000a6d00000|  0%| F|  |TAMS 0x00000000a6c00000, 0x00000000a6c00000| Untracked 
| 109|0x00000000a6d00000, 0x00000000a6d00000, 0x00000000a6e00000|  0%| F|  |TAMS 0x00000000a6d00000, 0x00000000a6d00000| Untracked 
| 110|0x00000000a6e00000, 0x00000000a6e00000, 0x00000000a6f00000|  0%| F|  |TAMS 0x00000000a6e00000, 0x00000000a6e00000| Untracked 
| 111|0x00000000a6f00000, 0x00000000a6f00000, 0x00000000a7000000|  0%| F|  |TAMS 0x00000000a6f00000, 0x00000000a6f00000| Untracked 
| 112|0x00000000a7000000, 0x00000000a7000000, 0x00000000a7100000|  0%| F|  |TAMS 0x00000000a7000000, 0x00000000a7000000| Untracked 
| 113|0x00000000a7100000, 0x00000000a7100000, 0x00000000a7200000|  0%| F|  |TAMS 0x00000000a7100000, 0x00000000a7100000| Untracked 
| 114|0x00000000a7200000, 0x00000000a7200000, 0x00000000a7300000|  0%| F|  |TAMS 0x00000000a7200000, 0x00000000a7200000| Untracked 
| 115|0x00000000a7300000, 0x00000000a7300000, 0x00000000a7400000|  0%| F|  |TAMS 0x00000000a7300000, 0x00000000a7300000| Untracked 
| 116|0x00000000a7400000, 0x00000000a7400000, 0x00000000a7500000|  0%| F|  |TAMS 0x00000000a7400000, 0x00000000a7400000| Untracked 
| 117|0x00000000a7500000, 0x00000000a7500000, 0x00000000a7600000|  0%| F|  |TAMS 0x00000000a7500000, 0x00000000a7500000| Untracked 
| 118|0x00000000a7600000, 0x00000000a7600000, 0x00000000a7700000|  0%| F|  |TAMS 0x00000000a7600000, 0x00000000a7600000| Untracked 
| 119|0x00000000a7700000, 0x00000000a7700000, 0x00000000a7800000|  0%| F|  |TAMS 0x00000000a7700000, 0x00000000a7700000| Untracked 
| 120|0x00000000a7800000, 0x00000000a7800000, 0x00000000a7900000|  0%| F|  |TAMS 0x00000000a7800000, 0x00000000a7800000| Untracked 
| 121|0x00000000a7900000, 0x00000000a7900000, 0x00000000a7a00000|  0%| F|  |TAMS 0x00000000a7900000, 0x00000000a7900000| Untracked 
| 122|0x00000000a7a00000, 0x00000000a7a00000, 0x00000000a7b00000|  0%| F|  |TAMS 0x00000000a7a00000, 0x00000000a7a00000| Untracked 
| 123|0x00000000a7b00000, 0x00000000a7b00000, 0x00000000a7c00000|  0%| F|  |TAMS 0x00000000a7b00000, 0x00000000a7b00000| Untracked 
| 124|0x00000000a7c00000, 0x00000000a7c00000, 0x00000000a7d00000|  0%| F|  |TAMS 0x00000000a7c00000, 0x00000000a7c00000| Untracked 
| 125|0x00000000a7d00000, 0x00000000a7d00000, 0x00000000a7e00000|  0%| F|  |TAMS 0x00000000a7d00000, 0x00000000a7d00000| Untracked 
| 126|0x00000000a7e00000, 0x00000000a7e00000, 0x00000000a7f00000|  0%| F|  |TAMS 0x00000000a7e00000, 0x00000000a7e00000| Untracked 
| 127|0x00000000a7f00000, 0x00000000a7f00000, 0x00000000a8000000|  0%| F|  |TAMS 0x00000000a7f00000, 0x00000000a7f00000| Untracked 
| 128|0x00000000a8000000, 0x00000000a8000000, 0x00000000a8100000|  0%| F|  |TAMS 0x00000000a8000000, 0x00000000a8000000| Untracked 
| 129|0x00000000a8100000, 0x00000000a8100000, 0x00000000a8200000|  0%| F|  |TAMS 0x00000000a8100000, 0x00000000a8100000| Untracked 
| 130|0x00000000a8200000, 0x00000000a8200000, 0x00000000a8300000|  0%| F|  |TAMS 0x00000000a8200000, 0x00000000a8200000| Untracked 
| 131|0x00000000a8300000, 0x00000000a8300000, 0x00000000a8400000|  0%| F|  |TAMS 0x00000000a8300000, 0x00000000a8300000| Untracked 
| 132|0x00000000a8400000, 0x00000000a8400000, 0x00000000a8500000|  0%| F|  |TAMS 0x00000000a8400000, 0x00000000a8400000| Untracked 
| 133|0x00000000a8500000, 0x00000000a8500000, 0x00000000a8600000|  0%| F|  |TAMS 0x00000000a8500000, 0x00000000a8500000| Untracked 
| 134|0x00000000a8600000, 0x00000000a8600000, 0x00000000a8700000|  0%| F|  |TAMS 0x00000000a8600000, 0x00000000a8600000| Untracked 
| 135|0x00000000a8700000, 0x00000000a8700000, 0x00000000a8800000|  0%| F|  |TAMS 0x00000000a8700000, 0x00000000a8700000| Untracked 
| 136|0x00000000a8800000, 0x00000000a8800000, 0x00000000a8900000|  0%| F|  |TAMS 0x00000000a8800000, 0x00000000a8800000| Untracked 
| 137|0x00000000a8900000, 0x00000000a8900000, 0x00000000a8a00000|  0%| F|  |TAMS 0x00000000a8900000, 0x00000000a8900000| Untracked 
| 138|0x00000000a8a00000, 0x00000000a8a00000, 0x00000000a8b00000|  0%| F|  |TAMS 0x00000000a8a00000, 0x00000000a8a00000| Untracked 
| 139|0x00000000a8b00000, 0x00000000a8b00000, 0x00000000a8c00000|  0%| F|  |TAMS 0x00000000a8b00000, 0x00000000a8b00000| Untracked 
| 140|0x00000000a8c00000, 0x00000000a8c00000, 0x00000000a8d00000|  0%| F|  |TAMS 0x00000000a8c00000, 0x00000000a8c00000| Untracked 
| 141|0x00000000a8d00000, 0x00000000a8d00000, 0x00000000a8e00000|  0%| F|  |TAMS 0x00000000a8d00000, 0x00000000a8d00000| Untracked 
| 142|0x00000000a8e00000, 0x00000000a8e00000, 0x00000000a8f00000|  0%| F|  |TAMS 0x00000000a8e00000, 0x00000000a8e00000| Untracked 
| 143|0x00000000a8f00000, 0x00000000a8f00000, 0x00000000a9000000|  0%| F|  |TAMS 0x00000000a8f00000, 0x00000000a8f00000| Untracked 
| 144|0x00000000a9000000, 0x00000000a9000000, 0x00000000a9100000|  0%| F|  |TAMS 0x00000000a9000000, 0x00000000a9000000| Untracked 
| 145|0x00000000a9100000, 0x00000000a9100000, 0x00000000a9200000|  0%| F|  |TAMS 0x00000000a9100000, 0x00000000a9100000| Untracked 
| 146|0x00000000a9200000, 0x00000000a9200000, 0x00000000a9300000|  0%| F|  |TAMS 0x00000000a9200000, 0x00000000a9200000| Untracked 
| 147|0x00000000a9300000, 0x00000000a9300000, 0x00000000a9400000|  0%| F|  |TAMS 0x00000000a9300000, 0x00000000a9300000| Untracked 
| 148|0x00000000a9400000, 0x00000000a9400000, 0x00000000a9500000|  0%| F|  |TAMS 0x00000000a9400000, 0x00000000a9400000| Untracked 
| 149|0x00000000a9500000, 0x00000000a9500000, 0x00000000a9600000|  0%| F|  |TAMS 0x00000000a9500000, 0x00000000a9500000| Untracked 
| 150|0x00000000a9600000, 0x00000000a9600000, 0x00000000a9700000|  0%| F|  |TAMS 0x00000000a9600000, 0x00000000a9600000| Untracked 
| 151|0x00000000a9700000, 0x00000000a9700000, 0x00000000a9800000|  0%| F|  |TAMS 0x00000000a9700000, 0x00000000a9700000| Untracked 
| 152|0x00000000a9800000, 0x00000000a9800000, 0x00000000a9900000|  0%| F|  |TAMS 0x00000000a9800000, 0x00000000a9800000| Untracked 
| 153|0x00000000a9900000, 0x00000000a9900000, 0x00000000a9a00000|  0%| F|  |TAMS 0x00000000a9900000, 0x00000000a9900000| Untracked 
| 154|0x00000000a9a00000, 0x00000000a9a00000, 0x00000000a9b00000|  0%| F|  |TAMS 0x00000000a9a00000, 0x00000000a9a00000| Untracked 
| 155|0x00000000a9b00000, 0x00000000a9b00000, 0x00000000a9c00000|  0%| F|  |TAMS 0x00000000a9b00000, 0x00000000a9b00000| Untracked 
| 156|0x00000000a9c00000, 0x00000000a9c00000, 0x00000000a9d00000|  0%| F|  |TAMS 0x00000000a9c00000, 0x00000000a9c00000| Untracked 
| 157|0x00000000a9d00000, 0x00000000a9d00000, 0x00000000a9e00000|  0%| F|  |TAMS 0x00000000a9d00000, 0x00000000a9d00000| Untracked 
| 158|0x00000000a9e00000, 0x00000000a9e00000, 0x00000000a9f00000|  0%| F|  |TAMS 0x00000000a9e00000, 0x00000000a9e00000| Untracked 
| 159|0x00000000a9f00000, 0x00000000a9f00000, 0x00000000aa000000|  0%| F|  |TAMS 0x00000000a9f00000, 0x00000000a9f00000| Untracked 
| 160|0x00000000aa000000, 0x00000000aa000000, 0x00000000aa100000|  0%| F|  |TAMS 0x00000000aa000000, 0x00000000aa000000| Untracked 
| 161|0x00000000aa100000, 0x00000000aa100000, 0x00000000aa200000|  0%| F|  |TAMS 0x00000000aa100000, 0x00000000aa100000| Untracked 
| 162|0x00000000aa200000, 0x00000000aa200000, 0x00000000aa300000|  0%| F|  |TAMS 0x00000000aa200000, 0x00000000aa200000| Untracked 
| 163|0x00000000aa300000, 0x00000000aa300000, 0x00000000aa400000|  0%| F|  |TAMS 0x00000000aa300000, 0x00000000aa300000| Untracked 
| 164|0x00000000aa400000, 0x00000000aa400000, 0x00000000aa500000|  0%| F|  |TAMS 0x00000000aa400000, 0x00000000aa400000| Untracked 
| 165|0x00000000aa500000, 0x00000000aa500000, 0x00000000aa600000|  0%| F|  |TAMS 0x00000000aa500000, 0x00000000aa500000| Untracked 
| 166|0x00000000aa600000, 0x00000000aa600000, 0x00000000aa700000|  0%| F|  |TAMS 0x00000000aa600000, 0x00000000aa600000| Untracked 
| 167|0x00000000aa700000, 0x00000000aa700000, 0x00000000aa800000|  0%| F|  |TAMS 0x00000000aa700000, 0x00000000aa700000| Untracked 
| 168|0x00000000aa800000, 0x00000000aa800000, 0x00000000aa900000|  0%| F|  |TAMS 0x00000000aa800000, 0x00000000aa800000| Untracked 
| 169|0x00000000aa900000, 0x00000000aa900000, 0x00000000aaa00000|  0%| F|  |TAMS 0x00000000aa900000, 0x00000000aa900000| Untracked 
| 170|0x00000000aaa00000, 0x00000000aaa00000, 0x00000000aab00000|  0%| F|  |TAMS 0x00000000aaa00000, 0x00000000aaa00000| Untracked 
| 171|0x00000000aab00000, 0x00000000aab00000, 0x00000000aac00000|  0%| F|  |TAMS 0x00000000aab00000, 0x00000000aab00000| Untracked 
| 172|0x00000000aac00000, 0x00000000aac00000, 0x00000000aad00000|  0%| F|  |TAMS 0x00000000aac00000, 0x00000000aac00000| Untracked 
| 173|0x00000000aad00000, 0x00000000aad00000, 0x00000000aae00000|  0%| F|  |TAMS 0x00000000aad00000, 0x00000000aad00000| Untracked 
| 174|0x00000000aae00000, 0x00000000aae00000, 0x00000000aaf00000|  0%| F|  |TAMS 0x00000000aae00000, 0x00000000aae00000| Untracked 
| 175|0x00000000aaf00000, 0x00000000aaf00000, 0x00000000ab000000|  0%| F|  |TAMS 0x00000000aaf00000, 0x00000000aaf00000| Untracked 
| 176|0x00000000ab000000, 0x00000000ab000000, 0x00000000ab100000|  0%| F|  |TAMS 0x00000000ab000000, 0x00000000ab000000| Untracked 
| 177|0x00000000ab100000, 0x00000000ab100000, 0x00000000ab200000|  0%| F|  |TAMS 0x00000000ab100000, 0x00000000ab100000| Untracked 
| 178|0x00000000ab200000, 0x00000000ab200000, 0x00000000ab300000|  0%| F|  |TAMS 0x00000000ab200000, 0x00000000ab200000| Untracked 
| 179|0x00000000ab300000, 0x00000000ab300000, 0x00000000ab400000|  0%| F|  |TAMS 0x00000000ab300000, 0x00000000ab300000| Untracked 
| 180|0x00000000ab400000, 0x00000000ab400000, 0x00000000ab500000|  0%| F|  |TAMS 0x00000000ab400000, 0x00000000ab400000| Untracked 
| 181|0x00000000ab500000, 0x00000000ab500000, 0x00000000ab600000|  0%| F|  |TAMS 0x00000000ab500000, 0x00000000ab500000| Untracked 
| 182|0x00000000ab600000, 0x00000000ab600000, 0x00000000ab700000|  0%| F|  |TAMS 0x00000000ab600000, 0x00000000ab600000| Untracked 
| 183|0x00000000ab700000, 0x00000000ab700000, 0x00000000ab800000|  0%| F|  |TAMS 0x00000000ab700000, 0x00000000ab700000| Untracked 
| 184|0x00000000ab800000, 0x00000000ab800000, 0x00000000ab900000|  0%| F|  |TAMS 0x00000000ab800000, 0x00000000ab800000| Untracked 
| 185|0x00000000ab900000, 0x00000000ab900000, 0x00000000aba00000|  0%| F|  |TAMS 0x00000000ab900000, 0x00000000ab900000| Untracked 
| 186|0x00000000aba00000, 0x00000000aba00000, 0x00000000abb00000|  0%| F|  |TAMS 0x00000000aba00000, 0x00000000aba00000| Untracked 
| 187|0x00000000abb00000, 0x00000000abb00000, 0x00000000abc00000|  0%| F|  |TAMS 0x00000000abb00000, 0x00000000abb00000| Untracked 
| 188|0x00000000abc00000, 0x00000000abc00000, 0x00000000abd00000|  0%| F|  |TAMS 0x00000000abc00000, 0x00000000abc00000| Untracked 
| 189|0x00000000abd00000, 0x00000000abd00000, 0x00000000abe00000|  0%| F|  |TAMS 0x00000000abd00000, 0x00000000abd00000| Untracked 
| 190|0x00000000abe00000, 0x00000000abe00000, 0x00000000abf00000|  0%| F|  |TAMS 0x00000000abe00000, 0x00000000abe00000| Untracked 
| 191|0x00000000abf00000, 0x00000000ac000000, 0x00000000ac000000|100%| E|  |TAMS 0x00000000abf00000, 0x00000000abf00000| Complete 
| 192|0x00000000ac000000, 0x00000000ac100000, 0x00000000ac100000|100%| E|CS|TAMS 0x00000000ac000000, 0x00000000ac000000| Complete 
| 193|0x00000000ac100000, 0x00000000ac200000, 0x00000000ac200000|100%| E|CS|TAMS 0x00000000ac100000, 0x00000000ac100000| Complete 
| 194|0x00000000ac200000, 0x00000000ac300000, 0x00000000ac300000|100%| E|CS|TAMS 0x00000000ac200000, 0x00000000ac200000| Complete 
| 195|0x00000000ac300000, 0x00000000ac400000, 0x00000000ac400000|100%| E|CS|TAMS 0x00000000ac300000, 0x00000000ac300000| Complete 
| 196|0x00000000ac400000, 0x00000000ac500000, 0x00000000ac500000|100%| E|CS|TAMS 0x00000000ac400000, 0x00000000ac400000| Complete 
| 197|0x00000000ac500000, 0x00000000ac600000, 0x00000000ac600000|100%| E|CS|TAMS 0x00000000ac500000, 0x00000000ac500000| Complete 
| 198|0x00000000ac600000, 0x00000000ac700000, 0x00000000ac700000|100%| E|CS|TAMS 0x00000000ac600000, 0x00000000ac600000| Complete 
| 199|0x00000000ac700000, 0x00000000ac800000, 0x00000000ac800000|100%| E|CS|TAMS 0x00000000ac700000, 0x00000000ac700000| Complete 
| 200|0x00000000ac800000, 0x00000000ac900000, 0x00000000ac900000|100%| E|CS|TAMS 0x00000000ac800000, 0x00000000ac800000| Complete 
| 201|0x00000000ac900000, 0x00000000aca00000, 0x00000000aca00000|100%| E|CS|TAMS 0x00000000ac900000, 0x00000000ac900000| Complete 
| 202|0x00000000aca00000, 0x00000000acb00000, 0x00000000acb00000|100%| E|CS|TAMS 0x00000000aca00000, 0x00000000aca00000| Complete 
| 203|0x00000000acb00000, 0x00000000acc00000, 0x00000000acc00000|100%| E|CS|TAMS 0x00000000acb00000, 0x00000000acb00000| Complete 
| 204|0x00000000acc00000, 0x00000000acd00000, 0x00000000acd00000|100%| E|CS|TAMS 0x00000000acc00000, 0x00000000acc00000| Complete 
| 205|0x00000000acd00000, 0x00000000ace00000, 0x00000000ace00000|100%| E|CS|TAMS 0x00000000acd00000, 0x00000000acd00000| Complete 
| 206|0x00000000ace00000, 0x00000000acf00000, 0x00000000acf00000|100%| E|CS|TAMS 0x00000000ace00000, 0x00000000ace00000| Complete 
| 207|0x00000000acf00000, 0x00000000ad000000, 0x00000000ad000000|100%| E|CS|TAMS 0x00000000acf00000, 0x00000000acf00000| Complete 
| 208|0x00000000ad000000, 0x00000000ad100000, 0x00000000ad100000|100%| E|CS|TAMS 0x00000000ad000000, 0x00000000ad000000| Complete 
| 209|0x00000000ad100000, 0x00000000ad200000, 0x00000000ad200000|100%| E|CS|TAMS 0x00000000ad100000, 0x00000000ad100000| Complete 
| 210|0x00000000ad200000, 0x00000000ad300000, 0x00000000ad300000|100%| E|CS|TAMS 0x00000000ad200000, 0x00000000ad200000| Complete 
| 211|0x00000000ad300000, 0x00000000ad400000, 0x00000000ad400000|100%| E|CS|TAMS 0x00000000ad300000, 0x00000000ad300000| Complete 
| 212|0x00000000ad400000, 0x00000000ad500000, 0x00000000ad500000|100%| E|CS|TAMS 0x00000000ad400000, 0x00000000ad400000| Complete 
| 213|0x00000000ad500000, 0x00000000ad600000, 0x00000000ad600000|100%| E|CS|TAMS 0x00000000ad500000, 0x00000000ad500000| Complete 
| 214|0x00000000ad600000, 0x00000000ad700000, 0x00000000ad700000|100%| E|CS|TAMS 0x00000000ad600000, 0x00000000ad600000| Complete 
| 215|0x00000000ad700000, 0x00000000ad800000, 0x00000000ad800000|100%| E|CS|TAMS 0x00000000ad700000, 0x00000000ad700000| Complete 
| 216|0x00000000ad800000, 0x00000000ad900000, 0x00000000ad900000|100%| E|CS|TAMS 0x00000000ad800000, 0x00000000ad800000| Complete 
| 217|0x00000000ad900000, 0x00000000ada00000, 0x00000000ada00000|100%| E|CS|TAMS 0x00000000ad900000, 0x00000000ad900000| Complete 
| 218|0x00000000ada00000, 0x00000000adb00000, 0x00000000adb00000|100%| E|CS|TAMS 0x00000000ada00000, 0x00000000ada00000| Complete 
| 219|0x00000000adb00000, 0x00000000adb48c30, 0x00000000adc00000| 28%| S|CS|TAMS 0x00000000adb00000, 0x00000000adb00000| Complete 
| 220|0x00000000adc00000, 0x00000000add00000, 0x00000000add00000|100%| S|CS|TAMS 0x00000000adc00000, 0x00000000adc00000| Complete 
| 221|0x00000000add00000, 0x00000000ade00000, 0x00000000ade00000|100%| S|CS|TAMS 0x00000000add00000, 0x00000000add00000| Complete 
| 222|0x00000000ade00000, 0x00000000adf00000, 0x00000000adf00000|100%| S|CS|TAMS 0x00000000ade00000, 0x00000000ade00000| Complete 
| 223|0x00000000adf00000, 0x00000000ae000000, 0x00000000ae000000|100%| E|CS|TAMS 0x00000000adf00000, 0x00000000adf00000| Complete 
| 224|0x00000000ae000000, 0x00000000ae100000, 0x00000000ae100000|100%| E|CS|TAMS 0x00000000ae000000, 0x00000000ae000000| Complete 
| 225|0x00000000ae100000, 0x00000000ae200000, 0x00000000ae200000|100%| E|CS|TAMS 0x00000000ae100000, 0x00000000ae100000| Complete 
| 226|0x00000000ae200000, 0x00000000ae300000, 0x00000000ae300000|100%| E|CS|TAMS 0x00000000ae200000, 0x00000000ae200000| Complete 
| 227|0x00000000ae300000, 0x00000000ae400000, 0x00000000ae400000|100%| E|CS|TAMS 0x00000000ae300000, 0x00000000ae300000| Complete 
| 228|0x00000000ae400000, 0x00000000ae500000, 0x00000000ae500000|100%| E|CS|TAMS 0x00000000ae400000, 0x00000000ae400000| Complete 
| 229|0x00000000ae500000, 0x00000000ae600000, 0x00000000ae600000|100%| E|CS|TAMS 0x00000000ae500000, 0x00000000ae500000| Complete 
| 230|0x00000000ae600000, 0x00000000ae700000, 0x00000000ae700000|100%| E|CS|TAMS 0x00000000ae600000, 0x00000000ae600000| Complete 
| 231|0x00000000ae700000, 0x00000000ae800000, 0x00000000ae800000|100%| E|CS|TAMS 0x00000000ae700000, 0x00000000ae700000| Complete 
| 232|0x00000000ae800000, 0x00000000ae900000, 0x00000000ae900000|100%| E|CS|TAMS 0x00000000ae800000, 0x00000000ae800000| Complete 
| 233|0x00000000ae900000, 0x00000000aea00000, 0x00000000aea00000|100%| E|CS|TAMS 0x00000000ae900000, 0x00000000ae900000| Complete 
| 234|0x00000000aea00000, 0x00000000aeb00000, 0x00000000aeb00000|100%| E|CS|TAMS 0x00000000aea00000, 0x00000000aea00000| Complete 
| 235|0x00000000aeb00000, 0x00000000aec00000, 0x00000000aec00000|100%| E|CS|TAMS 0x00000000aeb00000, 0x00000000aeb00000| Complete 
| 236|0x00000000aec00000, 0x00000000aed00000, 0x00000000aed00000|100%| E|CS|TAMS 0x00000000aec00000, 0x00000000aec00000| Complete 
| 237|0x00000000aed00000, 0x00000000aee00000, 0x00000000aee00000|100%| E|CS|TAMS 0x00000000aed00000, 0x00000000aed00000| Complete 
| 238|0x00000000aee00000, 0x00000000aef00000, 0x00000000aef00000|100%| E|CS|TAMS 0x00000000aee00000, 0x00000000aee00000| Complete 
| 239|0x00000000aef00000, 0x00000000af000000, 0x00000000af000000|100%| E|CS|TAMS 0x00000000aef00000, 0x00000000aef00000| Complete 
| 240|0x00000000af000000, 0x00000000af100000, 0x00000000af100000|100%| E|CS|TAMS 0x00000000af000000, 0x00000000af000000| Complete 
| 241|0x00000000af100000, 0x00000000af200000, 0x00000000af200000|100%| E|CS|TAMS 0x00000000af100000, 0x00000000af100000| Complete 
| 242|0x00000000af200000, 0x00000000af300000, 0x00000000af300000|100%| E|CS|TAMS 0x00000000af200000, 0x00000000af200000| Complete 
| 243|0x00000000af300000, 0x00000000af400000, 0x00000000af400000|100%| E|CS|TAMS 0x00000000af300000, 0x00000000af300000| Complete 
| 244|0x00000000af400000, 0x00000000af500000, 0x00000000af500000|100%| E|CS|TAMS 0x00000000af400000, 0x00000000af400000| Complete 
| 245|0x00000000af500000, 0x00000000af600000, 0x00000000af600000|100%| E|CS|TAMS 0x00000000af500000, 0x00000000af500000| Complete 
| 246|0x00000000af600000, 0x00000000af700000, 0x00000000af700000|100%| E|CS|TAMS 0x00000000af600000, 0x00000000af600000| Complete 
| 247|0x00000000af700000, 0x00000000af800000, 0x00000000af800000|100%| E|CS|TAMS 0x00000000af700000, 0x00000000af700000| Complete 
| 248|0x00000000af800000, 0x00000000af900000, 0x00000000af900000|100%| E|CS|TAMS 0x00000000af800000, 0x00000000af800000| Complete 
| 249|0x00000000af900000, 0x00000000afa00000, 0x00000000afa00000|100%| E|CS|TAMS 0x00000000af900000, 0x00000000af900000| Complete 
| 250|0x00000000afa00000, 0x00000000afb00000, 0x00000000afb00000|100%| E|CS|TAMS 0x00000000afa00000, 0x00000000afa00000| Complete 
| 251|0x00000000afb00000, 0x00000000afc00000, 0x00000000afc00000|100%| E|CS|TAMS 0x00000000afb00000, 0x00000000afb00000| Complete 
| 252|0x00000000afc00000, 0x00000000afd00000, 0x00000000afd00000|100%| E|CS|TAMS 0x00000000afc00000, 0x00000000afc00000| Complete 
| 253|0x00000000afd00000, 0x00000000afe00000, 0x00000000afe00000|100%| E|CS|TAMS 0x00000000afd00000, 0x00000000afd00000| Complete 

Card table byte_map: [0x00000198c5240000,0x00000198c5540000] _byte_map_base: 0x00000198c4d40000

Marking Bits (Prev, Next): (CMBitMap*) 0x00000198ade5dc90, (CMBitMap*) 0x00000198ade5dcd0
 Prev Bits: [0x00000198c5840000, 0x00000198c7040000)
 Next Bits: [0x00000198c7040000, 0x00000198c8840000)

Polling page: 0x00000198abd40000

Metaspace:

Usage:
  Non-class:     12.60 MB used.
      Class:      2.12 MB used.
       Both:     14.72 MB used.

Virtual space:
  Non-class space:       64.00 MB reserved,      12.75 MB ( 20%) committed,  1 nodes.
      Class space:        1.00 GB reserved,       2.25 MB ( <1%) committed,  1 nodes.
             Both:        1.06 GB reserved,      15.00 MB (  1%) committed. 

Chunk freelists:
   Non-Class:  2.60 MB
       Class:  13.72 MB
        Both:  16.31 MB

MaxMetaspaceSize: unlimited
CompressedClassSpaceSize: 1.00 GB
Initial GC threshold: 21.00 MB
Current GC threshold: 21.00 MB
CDS: on
MetaspaceReclaimPolicy: balanced
 - commit_granule_bytes: 65536.
 - commit_granule_words: 8192.
 - virtual_space_node_default_size: 8388608.
 - enlarge_chunks_in_place: 1.
 - new_chunks_are_fully_committed: 0.
 - uncommit_free_chunks: 1.
 - use_allocation_guard: 0.
 - handle_deallocations: 1.


Internal statistics:

num_allocs_failed_limit: 0.
num_arena_births: 160.
num_arena_deaths: 0.
num_vsnodes_births: 2.
num_vsnodes_deaths: 0.
num_space_committed: 240.
num_space_uncommitted: 0.
num_chunks_returned_to_freelist: 0.
num_chunks_taken_from_freelist: 625.
num_chunk_merges: 0.
num_chunk_splits: 426.
num_chunks_enlarged: 326.
num_inconsistent_stats: 0.

CodeHeap 'non-profiled nmethods': size=119168Kb used=1163Kb max_used=1163Kb free=118004Kb
 bounds [0x00000198bd260000, 0x00000198bd4d0000, 0x00000198c46c0000]
CodeHeap 'profiled nmethods': size=119104Kb used=4885Kb max_used=4885Kb free=114218Kb
 bounds [0x00000198b56c0000, 0x00000198b5b90000, 0x00000198bcb10000]
CodeHeap 'non-nmethods': size=7488Kb used=2933Kb max_used=2946Kb free=4554Kb
 bounds [0x00000198bcb10000, 0x00000198bce00000, 0x00000198bd260000]
 total_blobs=2846 nmethods=2318 adapters=434
 compilation: enabled
              stopped_count=0, restarted_count=0
 full_count=0

Compilation events (20 events):
Event: 1.626 Thread 0x00000198cb9658c0 2288       4       jdk.internal.org.objectweb.asm.Frame::execute (2305 bytes)
Event: 1.626 Thread 0x00000198cb9648d0 nmethod 2282 0x00000198b5b6ab10 code [0x00000198b5b6ad00, 0x00000198b5b6b3d8]
Event: 1.626 Thread 0x00000198cb9648d0 2285       3       jdk.internal.org.objectweb.asm.FieldWriter::<init> (69 bytes)
Event: 1.626 Thread 0x00000198cb965370 nmethod 2284 0x00000198b5b6b510 code [0x00000198b5b6b6c0, 0x00000198b5b6ba28]
Event: 1.626 Thread 0x00000198cb965370 2286       3       jdk.internal.org.objectweb.asm.FieldVisitor::<init> (7 bytes)
Event: 1.627 Thread 0x00000198cb965370 nmethod 2286 0x00000198b5b6bb90 code [0x00000198b5b6bd40, 0x00000198b5b6be88]
Event: 1.627 Thread 0x00000198cb965370 2287       3       jdk.internal.org.objectweb.asm.FieldVisitor::<init> (88 bytes)
Event: 1.627 Thread 0x00000198cb94ade0 nmethod 2274 0x00000198bd380b90 code [0x00000198bd380d40, 0x00000198bd3814d8]
Event: 1.627 Thread 0x00000198cb9648d0 nmethod 2285 0x00000198b5b6bf10 code [0x00000198b5b6c100, 0x00000198b5b6c4c8]
Event: 1.627 Thread 0x00000198cb9648d0 2289       3       jdk.internal.org.objectweb.asm.FieldWriter::computeFieldInfoSize (86 bytes)
Event: 1.627 Thread 0x00000198cb9648d0 nmethod 2289 0x00000198b5b6c710 code [0x00000198b5b6c8e0, 0x00000198b5b6cbb8]
Event: 1.627 Thread 0x00000198cb9648d0 2291       3       jdk.internal.loader.AbstractClassLoaderValue$Sub::hashCode (19 bytes)
Event: 1.627 Thread 0x00000198cb964e20 nmethod 2281 0x00000198b5b6cd10 code [0x00000198b5b6d220, 0x00000198b5b6f8e8]
Event: 1.627 Thread 0x00000198cb965370 nmethod 2287 0x00000198b5b70590 code [0x00000198b5b707e0, 0x00000198b5b710c8]
Event: 1.627 Thread 0x00000198cb964e20 2290       3       jdk.internal.org.objectweb.asm.FieldWriter::putFieldInfo (269 bytes)
Event: 1.627 Thread 0x00000198cb9648d0 nmethod 2291 0x00000198b5b71390 code [0x00000198b5b71560, 0x00000198b5b718d8]
Event: 1.627 Thread 0x00000198cb965370 2292       3       java.util.LinkedHashMap::<init> (10 bytes)
Event: 1.628 Thread 0x00000198cb965370 nmethod 2292 0x00000198b5b73c90 code [0x00000198b5b73e40, 0x00000198b5b74078]
Event: 1.628 Thread 0x00000198cb966e00 nmethod 2283 0x00000198b5b71a10 code [0x00000198b5b71d60, 0x00000198b5b731c8]
Event: 1.628 Thread 0x00000198cb964e20 nmethod 2290 0x00000198b5b74190 code [0x00000198b5b74420, 0x00000198b5b74da8]

GC Heap History (4 events):
Event: 0.393 GC heap before
{Heap before GC invocations=0 (full 0):
 garbage-first heap   total 260096K, used 28672K [0x00000000a0000000, 0x0000000100000000)
  region size 1024K, 23 young (23552K), 0 survivors (0K)
 Metaspace       used 3033K, committed 3200K, reserved 1114112K
  class space    used 380K, committed 448K, reserved 1048576K
}
Event: 0.397 GC heap after
{Heap after GC invocations=1 (full 0):
 garbage-first heap   total 260096K, used 9341K [0x00000000a0000000, 0x0000000100000000)
  region size 1024K, 3 young (3072K), 3 survivors (3072K)
 Metaspace       used 3033K, committed 3200K, reserved 1114112K
  class space    used 380K, committed 448K, reserved 1048576K
}
Event: 0.695 GC heap before
{Heap before GC invocations=1 (full 0):
 garbage-first heap   total 260096K, used 39037K [0x00000000a0000000, 0x0000000100000000)
  region size 1024K, 31 young (31744K), 3 survivors (3072K)
 Metaspace       used 3961K, committed 4160K, reserved 1114112K
  class space    used 475K, committed 576K, reserved 1048576K
}
Event: 0.697 GC heap after
{Heap after GC invocations=2 (full 0):
 garbage-first heap   total 260096K, used 12840K [0x00000000a0000000, 0x0000000100000000)
  region size 1024K, 4 young (4096K), 4 survivors (4096K)
 Metaspace       used 3961K, committed 4160K, reserved 1114112K
  class space    used 475K, committed 576K, reserved 1048576K
}

Deoptimization events (20 events):
Event: 1.349 Thread 0x0000019913398e20 DEOPT PACKING pc=0x00000198bd2760b4 sp=0x0000002e7b8fac80
Event: 1.349 Thread 0x0000019913398e20 DEOPT UNPACKING pc=0x00000198bcb65ba3 sp=0x0000002e7b8fac08 mode 2
Event: 1.349 Thread 0x0000019913398e20 Uncommon trap: trap_request=0xffffff45 fr.pc=0x00000198bd276ce8 relative=0x0000000000000408
Event: 1.349 Thread 0x0000019913398e20 Uncommon trap: reason=unstable_if action=reinterpret pc=0x00000198bd276ce8 method=java.util.regex.Matcher.match(II)Z @ 76 c2
Event: 1.349 Thread 0x0000019913398e20 DEOPT PACKING pc=0x00000198bd276ce8 sp=0x0000002e7b8facb0
Event: 1.349 Thread 0x0000019913398e20 DEOPT UNPACKING pc=0x00000198bcb65ba3 sp=0x0000002e7b8fac80 mode 2
Event: 1.360 Thread 0x0000019913398e20 Uncommon trap: trap_request=0xffffff45 fr.pc=0x00000198bd2fdbe4 relative=0x0000000000000744
Event: 1.360 Thread 0x0000019913398e20 Uncommon trap: reason=unstable_if action=reinterpret pc=0x00000198bd2fdbe4 method=java.util.ArrayList.grow(I)[Ljava/lang/Object; @ 17 c2
Event: 1.360 Thread 0x0000019913398e20 DEOPT PACKING pc=0x00000198bd2fdbe4 sp=0x0000002e7b8fcd50
Event: 1.360 Thread 0x0000019913398e20 DEOPT UNPACKING pc=0x00000198bcb65ba3 sp=0x0000002e7b8fcbe8 mode 2
Event: 1.399 Thread 0x0000019913398e20 Uncommon trap: trap_request=0xffffff45 fr.pc=0x00000198bd27f098 relative=0x0000000000000b98
Event: 1.399 Thread 0x0000019913398e20 Uncommon trap: reason=unstable_if action=reinterpret pc=0x00000198bd27f098 method=java.io.WinNTFileSystem.resolve(Ljava/lang/String;Ljava/lang/String;)Ljava/lang/String; @ 19 c2
Event: 1.399 Thread 0x0000019913398e20 DEOPT PACKING pc=0x00000198bd27f098 sp=0x0000002e7b8fcc60
Event: 1.399 Thread 0x0000019913398e20 DEOPT UNPACKING pc=0x00000198bcb65ba3 sp=0x0000002e7b8fcc08 mode 2
Event: 1.400 Thread 0x0000019913398e20 Uncommon trap: trap_request=0xffffff45 fr.pc=0x00000198bd2dc56c relative=0x000000000000062c
Event: 1.400 Thread 0x0000019913398e20 Uncommon trap: reason=unstable_if action=reinterpret pc=0x00000198bd2dc56c method=java.io.File.getName()Ljava/lang/String; @ 16 c2
Event: 1.400 Thread 0x0000019913398e20 DEOPT PACKING pc=0x00000198bd2dc56c sp=0x0000002e7b8fcc00
Event: 1.400 Thread 0x0000019913398e20 DEOPT UNPACKING pc=0x00000198bcb65ba3 sp=0x0000002e7b8fcbd0 mode 2
Event: 1.578 Thread 0x0000019913398e20 DEOPT PACKING pc=0x00000198b5abb649 sp=0x0000002e7b8fb550
Event: 1.578 Thread 0x0000019913398e20 DEOPT UNPACKING pc=0x00000198bcb666e3 sp=0x0000002e7b8faa60 mode 0

Classes unloaded (0 events):
No events

Classes redefined (0 events):
No events

Internal exceptions (20 events):
Event: 1.137 Thread 0x00000198ade0df20 Exception <a 'java/lang/NoSuchMethodError'{0x00000000ae97b8d0}: 'void java.lang.invoke.DirectMethodHandle$Holder.invokeStatic(java.lang.Object, java.lang.Object, java.lang.Object)'> (0x00000000ae97b8d0) 
thrown [s\open\src\hotspot\share\interpreter\linkResolver.cpp, line 759]
Event: 1.150 Thread 0x00000198ade0df20 Exception <a 'java/io/IOException'{0x00000000ae81a6b0}> (0x00000000ae81a6b0) 
thrown [s\open\src\hotspot\share\prims\jni.cpp, line 516]
Event: 1.258 Thread 0x0000019913398e20 Exception <a 'java/lang/NoSuchMethodError'{0x00000000ae2a3730}: 'long java.lang.invoke.DirectMethodHandle$Holder.invokeInterface(java.lang.Object, java.lang.Object)'> (0x00000000ae2a3730) 
thrown [s\open\src\hotspot\share\interpreter\linkResolver.cpp, line 759]
Event: 1.259 Thread 0x0000019913398e20 Exception <a 'java/lang/NoSuchMethodError'{0x00000000ae2b18a8}: 'void java.lang.invoke.DelegatingMethodHandle$Holder.reinvoke_L(java.lang.Object, java.lang.Object, java.lang.Object, java.lang.Object, java.lang.Object, java.lang.Object, java.lang.Object)'> (0x00000000ae2b18a8) 
thrown [s\open\src\hotspot\share\interpreter\linkResolver.cpp, line 759]
Event: 1.316 Thread 0x0000019913398e20 Exception <a 'java/lang/NoSuchMethodError'{0x00000000adade328}: 'void java.lang.invoke.DirectMethodHandle$Holder.invokeStaticInit(java.lang.Object)'> (0x00000000adade328) 
thrown [s\open\src\hotspot\share\interpreter\linkResolver.cpp, line 759]
Event: 1.317 Thread 0x0000019913398e20 Exception <a 'java/lang/NoSuchMethodError'{0x00000000adaf1eb0}: 'void java.lang.invoke.DirectMethodHandle$Holder.invokeSpecial(java.lang.Object, java.lang.Object, java.lang.Object)'> (0x00000000adaf1eb0) 
thrown [s\open\src\hotspot\share\interpreter\linkResolver.cpp, line 759]
Event: 1.325 Thread 0x0000019913398e20 Exception <a 'java/lang/NoSuchMethodError'{0x00000000ad98a618}: 'java.lang.Object java.lang.invoke.DirectMethodHandle$Holder.newInvokeSpecial(java.lang.Object, java.lang.Object, java.lang.Object, int)'> (0x00000000ad98a618) 
thrown [s\open\src\hotspot\share\interpreter\linkResolver.cpp, line 759]
Event: 1.326 Thread 0x0000019913398e20 Exception <a 'java/lang/NoSuchMethodError'{0x00000000ad98ef48}: 'java.lang.Object java.lang.invoke.DirectMethodHandle$Holder.invokeSpecial(java.lang.Object, java.lang.Object, java.lang.Object, java.lang.Object, int)'> (0x00000000ad98ef48) 
thrown [s\open\src\hotspot\share\interpreter\linkResolver.cpp, line 759]
Event: 1.326 Thread 0x0000019913398e20 Exception <a 'java/lang/NoSuchMethodError'{0x00000000ad993060}: 'java.lang.Object java.lang.invoke.Invokers$Holder.linkToTargetMethod(java.lang.Object, java.lang.Object, int, java.lang.Object)'> (0x00000000ad993060) 
thrown [s\open\src\hotspot\share\interpreter\linkResolver.cpp, line 759]
Event: 1.413 Thread 0x0000019913398e20 Exception <a 'java/lang/NoSuchMethodError'{0x00000000ad2b8ca0}: 'java.lang.Object java.lang.invoke.DirectMethodHandle$Holder.newInvokeSpecial(java.lang.Object, java.lang.Object, java.lang.Object, java.lang.Object, java.lang.Object, java.lang.Object)'> (0x00000000ad2b8ca0) 
thrown [s\open\src\hotspot\share\interpreter\linkResolver.cpp, line 759]
Event: 1.487 Thread 0x0000019913398e20 Exception <a 'java/lang/NoSuchMethodError'{0x00000000acc78780}: 'int java.lang.invoke.DirectMethodHandle$Holder.invokeSpecialIFC(java.lang.Object, java.lang.Object, java.lang.Object, java.lang.Object)'> (0x00000000acc78780) 
thrown [s\open\src\hotspot\share\interpreter\linkResolver.cpp, line 759]
Event: 1.488 Thread 0x0000019913398e20 Exception <a 'java/lang/NoSuchMethodError'{0x00000000acc87998}: 'java.lang.Object java.lang.invoke.DirectMethodHandle$Holder.invokeInterface(java.lang.Object, java.lang.Object, java.lang.Object)'> (0x00000000acc87998) 
thrown [s\open\src\hotspot\share\interpreter\linkResolver.cpp, line 759]
Event: 1.488 Thread 0x0000019913398e20 Exception <a 'java/lang/IncompatibleClassChangeError'{0x00000000acc8b870}: Found class java.lang.Object, but interface was expected> (0x00000000acc8b870) 
thrown [s\open\src\hotspot\share\interpreter\linkResolver.cpp, line 826]
Event: 1.521 Thread 0x0000019913398e20 Exception <a 'java/lang/NoSuchMethodError'{0x00000000ac92df48}: 'int java.lang.invoke.DirectMethodHandle$Holder.invokeStatic(java.lang.Object, java.lang.Object, java.lang.Object, java.lang.Object)'> (0x00000000ac92df48) 
thrown [s\open\src\hotspot\share\interpreter\linkResolver.cpp, line 759]
Event: 1.522 Thread 0x0000019913398e20 Exception <a 'java/lang/NoSuchMethodError'{0x00000000ac931e18}: 'java.lang.Object java.lang.invoke.Invokers$Holder.invokeExact_MT(java.lang.Object, java.lang.Object, java.lang.Object, java.lang.Object, java.lang.Object, java.lang.Object)'> (0x00000000ac931e18) 
thrown [s\open\src\hotspot\share\interpreter\linkResolver.cpp, line 759]
Event: 1.530 Thread 0x0000019913398e20 Exception <a 'java/lang/NoSuchMethodError'{0x00000000ac9d5f78}: 'java.lang.Object java.lang.invoke.DirectMethodHandle$Holder.invokeInterface(java.lang.Object, java.lang.Object)'> (0x00000000ac9d5f78) 
thrown [s\open\src\hotspot\share\interpreter\linkResolver.cpp, line 759]
Event: 1.550 Thread 0x0000019913398e20 Exception <a 'java/lang/NoSuchMethodError'{0x00000000ac785670}: 'void java.lang.invoke.DirectMethodHandle$Holder.invokeSpecial(java.lang.Object, java.lang.Object, java.lang.Object, java.lang.Object, java.lang.Object)'> (0x00000000ac785670) 
thrown [s\open\src\hotspot\share\interpreter\linkResolver.cpp, line 759]
Event: 1.567 Thread 0x0000019913398e20 Exception <a 'java/lang/NoSuchMethodError'{0x00000000ac6e26c0}: 'java.lang.Object java.lang.invoke.DirectMethodHandle$Holder.invokeSpecial(java.lang.Object, java.lang.Object, java.lang.Object, java.lang.Object, java.lang.Object, java.lang.Object, java.lang.Object, java.lang.Object, java.lang.Object)'> (0x00000000ac6e26c0) 
thrown [s\open\src\hotspot\share\interpreter\linkResolver.cpp, line 759]
Event: 1.613 Thread 0x0000019913398e20 Exception <a 'java/lang/NoSuchMethodError'{0x00000000ac2fc260}: 'void java.lang.invoke.DirectMethodHandle$Holder.invokeStatic(java.lang.Object, java.lang.Object)'> (0x00000000ac2fc260) 
thrown [s\open\src\hotspot\share\interpreter\linkResolver.cpp, line 759]
Event: 1.617 Thread 0x0000019913398e20 Exception <a 'java/lang/NoSuchMethodError'{0x00000000ac13f390}: 'java.lang.Object java.lang.invoke.DirectMethodHandle$Holder.invokeVirtual(java.lang.Object, java.lang.Object, java.lang.Object, java.lang.Object)'> (0x00000000ac13f390) 
thrown [s\open\src\hotspot\share\interpreter\linkResolver.cpp, line 759]

VM Operations (20 events):
Event: 0.852 Executing VM operation: HandshakeAllThreads
Event: 0.852 Executing VM operation: HandshakeAllThreads done
Event: 0.881 Executing VM operation: HandshakeAllThreads
Event: 0.881 Executing VM operation: HandshakeAllThreads done
Event: 0.929 Executing VM operation: HandshakeAllThreads
Event: 0.929 Executing VM operation: HandshakeAllThreads done
Event: 0.963 Executing VM operation: HandshakeAllThreads
Event: 0.963 Executing VM operation: HandshakeAllThreads done
Event: 1.017 Executing VM operation: HandshakeAllThreads
Event: 1.017 Executing VM operation: HandshakeAllThreads done
Event: 1.135 Executing VM operation: HandshakeAllThreads
Event: 1.135 Executing VM operation: HandshakeAllThreads done
Event: 1.175 Executing VM operation: HandshakeAllThreads
Event: 1.175 Executing VM operation: HandshakeAllThreads done
Event: 1.382 Executing VM operation: ICBufferFull
Event: 1.382 Executing VM operation: ICBufferFull done
Event: 1.419 Executing VM operation: HandshakeAllThreads
Event: 1.419 Executing VM operation: HandshakeAllThreads done
Event: 1.419 Executing VM operation: HandshakeAllThreads
Event: 1.419 Executing VM operation: HandshakeAllThreads done

Events (20 events):
Event: 1.493 loading class java/io/ObjectOutputStream
Event: 1.494 loading class java/io/ObjectOutput
Event: 1.494 loading class java/io/ObjectOutput done
Event: 1.494 loading class java/io/ObjectStreamConstants
Event: 1.494 loading class java/io/ObjectStreamConstants done
Event: 1.494 loading class java/io/ObjectOutputStream done
Event: 1.494 loading class java/io/ObjectInputStream
Event: 1.494 loading class java/io/ObjectInput
Event: 1.494 loading class java/io/ObjectInput done
Event: 1.494 loading class java/io/ObjectInputStream done
Event: 1.603 loading class javax/xml/parsers/ParserConfigurationException
Event: 1.604 loading class javax/xml/parsers/ParserConfigurationException done
Event: 1.604 loading class org/xml/sax/SAXException
Event: 1.604 loading class org/xml/sax/SAXException done
Event: 1.604 loading class javax/xml/xpath/XPathExpressionException
Event: 1.604 loading class javax/xml/xpath/XPathException
Event: 1.604 loading class javax/xml/xpath/XPathException done
Event: 1.604 loading class javax/xml/xpath/XPathExpressionException done
Event: 1.623 loading class java/lang/invoke/MethodHandle$1
Event: 1.623 loading class java/lang/invoke/MethodHandle$1 done


Dynamic libraries:
0x00007ff74d660000 - 0x00007ff74d670000 	C:\Program Files\Java\jdk-17\bin\java.exe
0x00007ff9f9280000 - 0x00007ff9f94e3000 	C:\WINDOWS\SYSTEM32\ntdll.dll
0x00007ff9f7d40000 - 0x00007ff9f7e08000 	C:\WINDOWS\System32\KERNEL32.DLL
0x00007ff9f6910000 - 0x00007ff9f6cc2000 	C:\WINDOWS\System32\KERNELBASE.dll
0x00007ff9f6e50000 - 0x00007ff9f6f9b000 	C:\WINDOWS\System32\ucrtbase.dll
0x00007ff99b650000 - 0x00007ff99b669000 	C:\Program Files\Java\jdk-17\bin\jli.dll
0x00007ff9b1af0000 - 0x00007ff9b1b0b000 	C:\Program Files\Java\jdk-17\bin\VCRUNTIME140.dll
0x00007ff9f7610000 - 0x00007ff9f76c4000 	C:\WINDOWS\System32\ADVAPI32.dll
0x00007ff9f83c0000 - 0x00007ff9f8469000 	C:\WINDOWS\System32\msvcrt.dll
0x00007ff9f9170000 - 0x00007ff9f9216000 	C:\WINDOWS\System32\sechost.dll
0x00007ff9f7b80000 - 0x00007ff9f7c96000 	C:\WINDOWS\System32\RPCRT4.dll
0x00007ff9f7440000 - 0x00007ff9f7608000 	C:\WINDOWS\System32\USER32.dll
0x00007ff9f6650000 - 0x00007ff9f6677000 	C:\WINDOWS\System32\win32u.dll
0x00007ff9db2c0000 - 0x00007ff9db550000 	C:\WINDOWS\WinSxS\amd64_microsoft.windows.common-controls_6595b64144ccf1df_6.0.26100.2454_none_3e0b68a2e331ad60\COMCTL32.dll
0x00007ff9f8470000 - 0x00007ff9f849a000 	C:\WINDOWS\System32\GDI32.dll
0x00007ff9f6720000 - 0x00007ff9f684b000 	C:\WINDOWS\System32\gdi32full.dll
0x00007ff9f6fa0000 - 0x00007ff9f7043000 	C:\WINDOWS\System32\msvcp_win.dll
0x00007ff9eeb40000 - 0x00007ff9eeb4b000 	C:\WINDOWS\SYSTEM32\VERSION.dll
0x00007ff9f7ca0000 - 0x00007ff9f7ccf000 	C:\WINDOWS\System32\IMM32.DLL
0x00007ff9b5520000 - 0x00007ff9b552c000 	C:\Program Files\Java\jdk-17\bin\vcruntime140_1.dll
0x00007ff973520000 - 0x00007ff9735ae000 	C:\Program Files\Java\jdk-17\bin\msvcp140.dll
0x00007ff96e2e0000 - 0x00007ff96eec0000 	C:\Program Files\Java\jdk-17\bin\server\jvm.dll
0x00007ff9f7f20000 - 0x00007ff9f7f28000 	C:\WINDOWS\System32\PSAPI.DLL
0x00007ff9e8190000 - 0x00007ff9e81c6000 	C:\WINDOWS\SYSTEM32\WINMM.dll
0x00007ff9ef3a0000 - 0x00007ff9ef3aa000 	C:\WINDOWS\SYSTEM32\WSOCK32.dll
0x00007ff9f79d0000 - 0x00007ff9f7a44000 	C:\WINDOWS\System32\WS2_32.dll
0x00007ff9f55a0000 - 0x00007ff9f55ba000 	C:\WINDOWS\SYSTEM32\kernel.appcore.dll
0x00007ff9b3ac0000 - 0x00007ff9b3aca000 	C:\Program Files\Java\jdk-17\bin\jimage.dll
0x00007ff9f3ed0000 - 0x00007ff9f4111000 	C:\WINDOWS\SYSTEM32\DBGHELP.DLL
0x00007ff9f8bb0000 - 0x00007ff9f8f2e000 	C:\WINDOWS\System32\combase.dll
0x00007ff9f70e0000 - 0x00007ff9f71b6000 	C:\WINDOWS\System32\OLEAUT32.dll
0x00007ff9d9a00000 - 0x00007ff9d9a39000 	C:\WINDOWS\SYSTEM32\dbgcore.DLL
0x00007ff9f6680000 - 0x00007ff9f6719000 	C:\WINDOWS\System32\bcryptPrimitives.dll
0x00007ff99acb0000 - 0x00007ff99acd5000 	C:\Program Files\Java\jdk-17\bin\java.dll
0x00007ff972f90000 - 0x00007ff973067000 	C:\Program Files\Java\jdk-17\bin\jsvml.dll
0x00007ff9f84a0000 - 0x00007ff9f8ba0000 	C:\WINDOWS\System32\SHELL32.dll
0x00007ff9f4370000 - 0x00007ff9f4ba1000 	C:\WINDOWS\SYSTEM32\windows.storage.dll
0x00007ff9f7a50000 - 0x00007ff9f7b2a000 	C:\WINDOWS\System32\SHCORE.dll
0x00007ff9f7ce0000 - 0x00007ff9f7d3d000 	C:\WINDOWS\System32\shlwapi.dll
0x00007ff9f6560000 - 0x00007ff9f658e000 	C:\WINDOWS\SYSTEM32\profapi.dll
0x00007ff99ab10000 - 0x00007ff99ab29000 	C:\Program Files\Java\jdk-17\bin\net.dll
0x00007ff9ee240000 - 0x00007ff9ee366000 	C:\WINDOWS\SYSTEM32\WINHTTP.dll
0x00007ff9f5aa0000 - 0x00007ff9f5b08000 	C:\WINDOWS\system32\mswsock.dll
0x00007ff99aaf0000 - 0x00007ff99ab06000 	C:\Program Files\Java\jdk-17\bin\nio.dll
0x00007ff99a460000 - 0x00007ff99a478000 	C:\Program Files\Java\jdk-17\bin\zip.dll
0x00007ff9b3860000 - 0x00007ff9b3870000 	C:\Program Files\Java\jdk-17\bin\verify.dll
0x00007ff9dc1e0000 - 0x00007ff9dc207000 	C:\Users\suryo\.gradle\native\e1d6ef7f7dcc3fd88c89a11ec53ec762bb8ba0a96d01ffa2cd45eb1d1d8dd5c5\windows-amd64\native-platform.dll
0x00007ff973d80000 - 0x00007ff973ec4000 	C:\Users\suryo\.gradle\native\0d407fdbe67a94daf76414ababcb853783967236a71b16ec16e742cd7a986fd3\windows-amd64\native-platform-file-events.dll
0x00007ff9b19f0000 - 0x00007ff9b19fa000 	C:\Program Files\Java\jdk-17\bin\management.dll
0x00007ff99bb70000 - 0x00007ff99bb7b000 	C:\Program Files\Java\jdk-17\bin\management_ext.dll
0x00007ff9f5d40000 - 0x00007ff9f5d5c000 	C:\WINDOWS\SYSTEM32\CRYPTSP.dll
0x00007ff9f5500000 - 0x00007ff9f5538000 	C:\WINDOWS\system32\rsaenh.dll
0x00007ff9f5b40000 - 0x00007ff9f5b6b000 	C:\WINDOWS\SYSTEM32\USERENV.dll
0x00007ff9f5f80000 - 0x00007ff9f5fa6000 	C:\WINDOWS\SYSTEM32\bcrypt.dll
0x00007ff9f5d60000 - 0x00007ff9f5d6c000 	C:\WINDOWS\SYSTEM32\CRYPTBASE.dll
0x00007ff9f4f60000 - 0x00007ff9f4f92000 	C:\WINDOWS\SYSTEM32\IPHLPAPI.DLL
0x00007ff9f9230000 - 0x00007ff9f923a000 	C:\WINDOWS\System32\NSI.dll
0x00007ff9ee3f0000 - 0x00007ff9ee40e000 	C:\WINDOWS\SYSTEM32\dhcpcsvc6.DLL
0x00007ff9ee3c0000 - 0x00007ff9ee3e5000 	C:\WINDOWS\SYSTEM32\dhcpcsvc.DLL
0x00007ff9f5000000 - 0x00007ff9f5125000 	C:\WINDOWS\SYSTEM32\DNSAPI.dll
0x00007ff9b6e40000 - 0x00007ff9b6e4e000 	C:\Program Files\Java\jdk-17\bin\sunmscapi.dll
0x00007ff9f6cd0000 - 0x00007ff9f6e46000 	C:\WINDOWS\System32\CRYPT32.dll
0x00007ff9f5f40000 - 0x00007ff9f5f70000 	C:\WINDOWS\SYSTEM32\ncrypt.dll
0x00007ff9f5ef0000 - 0x00007ff9f5f2f000 	C:\WINDOWS\SYSTEM32\NTASN1.dll
0x00007ff9bfd40000 - 0x00007ff9bfd48000 	C:\WINDOWS\system32\wshunix.dll

dbghelp: loaded successfully - version: 4.0.5 - missing functions: none
symbol engine: initialized successfully - sym options: 0x614 - pdb path: .;C:\Program Files\Java\jdk-17\bin;C:\WINDOWS\SYSTEM32;C:\WINDOWS\WinSxS\amd64_microsoft.windows.common-controls_6595b64144ccf1df_6.0.26100.2454_none_3e0b68a2e331ad60;C:\Program Files\Java\jdk-17\bin\server;C:\Users\suryo\.gradle\native\e1d6ef7f7dcc3fd88c89a11ec53ec762bb8ba0a96d01ffa2cd45eb1d1d8dd5c5\windows-amd64;C:\Users\suryo\.gradle\native\0d407fdbe67a94daf76414ababcb853783967236a71b16ec16e742cd7a986fd3\windows-amd64

VM Arguments:
jvm_args: --add-opens=java.base/java.util=ALL-UNNAMED --add-opens=java.base/java.lang=ALL-UNNAMED --add-opens=java.base/java.lang.invoke=ALL-UNNAMED --add-opens=java.base/java.util=ALL-UNNAMED --add-opens=java.prefs/java.util.prefs=ALL-UNNAMED --add-opens=java.prefs/java.util.prefs=ALL-UNNAMED --add-opens=java.base/java.nio.charset=ALL-UNNAMED --add-opens=java.base/java.net=ALL-UNNAMED --add-opens=java.base/java.util.concurrent.atomic=ALL-UNNAMED -Xmx1536M -Dfile.encoding=UTF-8 -Duser.country=US -Duser.language=en -Duser.variant 
java_command: org.gradle.launcher.daemon.bootstrap.GradleDaemon 7.5
java_class_path (initial): C:\Users\suryo\.gradle\wrapper\dists\gradle-7.5-all\6qsw290k5lz422uaf8jf6m7co\gradle-7.5\lib\gradle-launcher-7.5.jar
Launcher Type: SUN_STANDARD

[Global flags]
     intx CICompilerCount                          = 12                                        {product} {ergonomic}
     uint ConcGCThreads                            = 3                                         {product} {ergonomic}
     uint G1ConcRefinementThreads                  = 13                                        {product} {ergonomic}
   size_t G1HeapRegionSize                         = 1048576                                   {product} {ergonomic}
    uintx GCDrainStackTargetSize                   = 64                                        {product} {ergonomic}
   size_t InitialHeapSize                          = 266338304                                 {product} {ergonomic}
   size_t MarkStackSize                            = 4194304                                   {product} {ergonomic}
   size_t MaxHeapSize                              = 1610612736                                {product} {command line}
   size_t MaxNewSize                               = 965738496                                 {product} {ergonomic}
   size_t MinHeapDeltaBytes                        = 1048576                                   {product} {ergonomic}
   size_t MinHeapSize                              = 8388608                                   {product} {ergonomic}
    uintx NonNMethodCodeHeapSize                   = 7602480                                {pd product} {ergonomic}
    uintx NonProfiledCodeHeapSize                  = 122027880                              {pd product} {ergonomic}
    uintx ProfiledCodeHeapSize                     = 122027880                              {pd product} {ergonomic}
    uintx ReservedCodeCacheSize                    = 251658240                              {pd product} {ergonomic}
     bool SegmentedCodeCache                       = true                                      {product} {ergonomic}
   size_t SoftMaxHeapSize                          = 1610612736                             {manageable} {ergonomic}
     bool UseCompressedClassPointers               = true                           {product lp64_product} {ergonomic}
     bool UseCompressedOops                        = true                           {product lp64_product} {ergonomic}
     bool UseG1GC                                  = true                                      {product} {ergonomic}
     bool UseLargePagesIndividualAllocation        = false                                  {pd product} {ergonomic}

Logging:
Log output configuration:
 #0: stdout all=warning uptime,level,tags
 #1: stderr all=off uptime,level,tags

Environment Variables:
JAVA_HOME=C:\Program Files\Android\Android Studio\jbr
CLASSPATH=D:\Projekan\guruji-master (1)\guruji-master\android\\gradle\wrapper\gradle-wrapper.jar
PATH=C:\Program Files\Android\Android Studio\jbr\bin;C:\Program Files (x86)\Common Files\Intel\Shared Libraries\redist\intel64\compiler;C:\Program Files\Common Files\Oracle\Java\javapath;C:\Windows\system32;C:\Windows;C:\Windows\System32\Wbem;C:\Windows\System32\WindowsPowerShell\v1.0\;C:\Windows\System32\OpenSSH\;C:\Program Files (x86)\NVIDIA Corporation\PhysX\Common;C:\WINDOWS\system32;C:\WINDOWS;C:\WINDOWS\System32\Wbem;C:\WINDOWS\System32\WindowsPowerShell\v1.0\;C:\WINDOWS\System32\OpenSSH\;C:\Program Files\Microsoft SQL Server\150\Tools\Binn\;C:\Program Files\Microsoft SQL Server\Client SDK\ODBC\170\Tools\Binn\;C:\xampp\php;C:\ProgramData\ComposerSetup\bin;C:\Program Files\nodejs\;C:\ProgramData\chocolatey\bin;C:\Program Files\Git\cmd;C:\Program Files\NVIDIA Corporation\NVIDIA app\NvDLISR;C:\Users\suryo\AppData\Local\Android\Sdk\platform-tools;C:\Users\suryo\AppData\Local\Android\Sdk\cmdline-tools\latest\bin;C:\Program Files (x86)\Windows Kits\10\Windows Performance Toolkit\;C:\Users\suryo\AppData\Local\Pub\Cache\bin;C:\Users\suryo\AppData\Local\Microsoft\WindowsApps;C:\Users\suryo\AppData\Local\Programs\Microsoft VS Code\bin;C:\Users\suryo\AppData\Roaming\Composer\vendor\bin;C:\Users\suryo\AppData\Roaming\npm;C:\Users\suryo\Dropbox\PC\Downloads\flutter_windows_3.24.1-stable\flutter\bin;;C:\Users\suryo\Dropbox\PC\Downloads\flutter_windows_3.24.1-stable\flutter\bin\mingit\cmd;C:\Users\suryo\Dropbox\PC\Downloads\flutter_windows_3.24.1-stable\flutter\bin\mingit\cmd
USERNAME=suryo
OS=Windows_NT
PROCESSOR_IDENTIFIER=Intel64 Family 6 Model 141 Stepping 1, GenuineIntel



---------------  S Y S T E M  ---------------

OS:
 Windows 11 , 64 bit Build 26100 (10.0.26100.2454)
OS uptime: 0 days 1:53 hours
Hyper-V role detected

CPU: total 16 (initial active 16) (8 cores per cpu, 2 threads per core) family 6 model 141 stepping 1 microcode 0x3c, cx8, cmov, fxsr, ht, mmx, 3dnowpref, sse, sse2, sse3, ssse3, sse4.1, sse4.2, popcnt, lzcnt, tsc, tscinvbit, avx, avx2, aes, erms, clmul, bmi1, bmi2, adx, avx512f, avx512dq, avx512cd, avx512bw, avx512vl, sha, fma, vzeroupper, avx512_vpopcntdq, avx512_vpclmulqdq, avx512_vaes, avx512_vnni, clflush, clflushopt, clwb, avx512_vbmi2, avx512_vbmi, hv

Memory: 4k page, system-wide physical 16163M (2627M free)
TotalPageFile size 18211M (AvailPageFile size 15M)
current process WorkingSet (physical memory assigned to process): 191M, peak: 191M
current process commit charge ("private bytes"): 431M, peak: 431M

vm_info: Java HotSpot(TM) 64-Bit Server VM (17.0.12+8-LTS-286) for windows-amd64 JRE (17.0.12+8-LTS-286), built on Jun  5 2024 06:46:59 by "mach5one" with MS VC++ 17.6 (VS2022)

END.
